'2023.08.13T20:31:16.670 hop. OS reports: Connection refused
  [2]  /home/pduffy1_kx_com/AdvancedKDB/tick/feed.q:1: h:neg hopen `$":localhost:5010" 	/connect to tickerplant
                                                             ^
'2023.08.13T20:37:21.092 hop. OS reports: Connection refused
  [2]  /home/pduffy1_kx_com/AdvancedKDB/tick/feed.q:1: h:neg hopen `$":localhost:5010" 	/connect to tickerplant
                                                             ^
'2023.08.13T20:39:46.447 hop. OS reports: Connection refused
  [2]  /home/pduffy1_kx_com/AdvancedKDB/tick/feed.q:1: h:neg hopen `$":localhost:5010" 	/connect to tickerplant
                                                             ^
'2023.08.13T20:40:56.332 hop. OS reports: Connection refused
  [2]  /home/pduffy1_kx_com/AdvancedKDB/tick/feed.q:1: h:neg hopen `$":localhost:5010" 	/connect to tickerplant
                                                             ^
'2023.08.13T20:42:27.077 hop. OS reports: Connection refused
  [2]  /home/pduffy1_kx_com/AdvancedKDB/tick/feed.q:1: h:neg hopen `$":localhost:5010" 	/connect to tickerplant
                                                             ^
'2023.08.14T07:52:18.593 hop. OS reports: Connection refused
  [2]  /home/pduffy1_kx_com/AdvancedKDB/tick/feed.q:1: h:neg hopen `$":localhost:5010" 	/connect to tickerplant
                                                             ^
'2023.08.14T07:55:26.636 hop. OS reports: Connection refused
  [2]  /home/pduffy1_kx_com/AdvancedKDB/tick/feed.q:1: h:neg hopen `$":localhost:5010" 	/connect to tickerplant
                                                             ^
'2023.08.14T08:21:16.042 hop. OS reports: Connection refused
  [2]  /home/pduffy1_kx_com/AdvancedKDB/tick/feed.q:1: h:neg hopen `$":localhost:5010" 	/connect to tickerplant
                                                             ^
'2023.08.14T10:31:04.885 s
'2023.08.14T10:31:05.885 s
'2023.08.14T10:31:06.885 s
'2023.08.14T10:31:07.885 s
'2023.08.14T10:31:08.885 s
'2023.08.14T10:31:09.885 s
'2023.08.14T10:31:10.885 s
'2023.08.14T10:31:11.885 s
'2023.08.14T10:31:12.885 s
'2023.08.14T10:31:13.885 s
'2023.08.14T10:31:14.885 s
'2023.08.14T10:31:15.885 s
'2023.08.14T10:31:16.885 s
'2023.08.14T10:31:17.885 s
'2023.08.14T10:31:18.885 s
'2023.08.14T10:31:19.885 s
'2023.08.14T10:31:20.885 s
'2023.08.14T10:31:21.885 s
'2023.08.14T10:31:22.885 s
'2023.08.14T10:31:23.885 s
'2023.08.14T10:31:24.885 s
'2023.08.14T10:31:25.885 s
'2023.08.14T10:31:26.885 s
'2023.08.14T10:31:27.885 s
'2023.08.14T10:31:28.885 s
'2023.08.14T10:31:29.885 s
'2023.08.14T10:31:30.885 s
'2023.08.14T10:31:31.885 s
'2023.08.14T10:31:32.885 s
'2023.08.14T10:31:33.885 s
'2023.08.14T10:31:34.885 s
'2023.08.14T10:31:35.885 s
'2023.08.14T10:31:36.885 s
'2023.08.14T10:31:37.885 s
'2023.08.14T10:31:38.885 s
'2023.08.14T10:31:39.885 s
'2023.08.14T10:31:40.885 s
'2023.08.14T10:31:41.885 s
'2023.08.14T10:31:42.885 s
'2023.08.14T10:31:43.885 s
'2023.08.14T10:31:44.885 s
'2023.08.14T10:31:45.885 s
'2023.08.14T10:31:46.885 s
'2023.08.14T10:31:47.885 s
'2023.08.14T10:31:48.885 s
'2023.08.14T10:31:49.885 s
'2023.08.14T10:31:50.885 s
'2023.08.14T10:31:51.885 s
'2023.08.14T10:31:52.885 s
'2023.08.14T10:31:53.885 s
'2023.08.14T10:31:54.885 s
'2023.08.14T10:31:55.885 s
'2023.08.14T10:31:56.885 s
'2023.08.14T10:31:57.885 s
'2023.08.14T10:31:58.885 s
'2023.08.14T10:31:59.885 s
'2023.08.14T10:32:00.885 s
'2023.08.14T10:32:01.885 s
'2023.08.14T10:32:02.885 s
'2023.08.14T10:32:03.885 s
'2023.08.14T10:32:04.885 s
'2023.08.14T10:32:05.885 s
'2023.08.14T10:32:06.885 s
'2023.08.14T10:32:07.885 s
'2023.08.14T10:32:08.885 s
'2023.08.14T10:32:09.885 s
'2023.08.14T10:32:10.885 s
'2023.08.14T10:32:11.885 s
'2023.08.14T10:32:12.885 s
'2023.08.14T10:32:13.885 s
'2023.08.14T10:32:14.885 s
'2023.08.14T10:32:15.885 s
'2023.08.14T10:32:16.885 s
'2023.08.14T10:32:17.885 s
'2023.08.14T10:32:18.885 s
'2023.08.14T10:32:19.885 s
'2023.08.14T10:32:20.885 s
'2023.08.14T10:32:21.885 s
'2023.08.14T10:32:22.885 s
'2023.08.14T10:32:23.885 s
'2023.08.14T10:32:24.885 s
'2023.08.14T10:32:25.885 s
'2023.08.14T10:32:26.885 s
'2023.08.14T10:32:27.885 s
'2023.08.14T10:32:28.885 s
'2023.08.14T10:32:29.885 s
'2023.08.14T10:32:30.885 s
'2023.08.14T10:32:31.885 s
'2023.08.14T10:32:32.885 s
'2023.08.14T10:32:33.885 s
'2023.08.14T10:32:34.885 s
'2023.08.14T10:32:35.885 s
'2023.08.14T10:32:36.885 s
'2023.08.14T10:32:37.885 s
'2023.08.14T10:32:38.886 s
'2023.08.14T10:32:39.886 s
'2023.08.14T10:32:40.886 s
'2023.08.14T10:32:41.886 s
'2023.08.14T10:32:42.886 s
'2023.08.14T10:32:43.886 s
'2023.08.14T10:32:44.886 s
'2023.08.14T10:32:45.886 s
'2023.08.14T10:32:46.886 s
'2023.08.14T10:32:47.886 s
'2023.08.14T10:32:48.886 s
'2023.08.14T10:32:49.886 s
'2023.08.14T10:32:50.886 s
'2023.08.14T10:32:51.886 s
'2023.08.14T10:32:52.886 s
'2023.08.14T10:32:53.886 s
'2023.08.14T10:32:54.886 s
'2023.08.14T10:32:55.886 s
'2023.08.14T10:32:56.886 s
'2023.08.14T10:32:57.886 s
'2023.08.14T10:32:58.886 s
'2023.08.14T10:32:59.886 s
'2023.08.14T10:33:00.886 s
'2023.08.14T10:33:01.886 s
'2023.08.14T10:33:02.886 s
'2023.08.14T10:33:03.886 s
'2023.08.14T10:33:04.886 s
'2023.08.14T10:33:05.886 s
'2023.08.14T10:33:06.886 s
'2023.08.14T10:33:07.886 s
'2023.08.14T10:33:08.886 s
'2023.08.14T10:33:09.886 s
'2023.08.14T10:33:10.886 s
'2023.08.14T10:33:11.886 s
'2023.08.14T10:33:12.886 s
'2023.08.14T10:33:13.886 s
'2023.08.14T10:33:14.886 s
'2023.08.14T10:33:15.886 s
'2023.08.14T10:33:16.886 s
'2023.08.14T10:33:17.886 s
'2023.08.14T10:33:18.886 s
'2023.08.14T10:33:19.886 s
'2023.08.14T10:33:20.886 s
'2023.08.14T10:33:21.886 s
'2023.08.14T10:33:22.886 s
'2023.08.14T10:33:23.886 s
'2023.08.14T10:33:24.886 s
'2023.08.14T10:33:25.886 s
'2023.08.14T10:33:26.886 s
'2023.08.14T10:33:27.886 s
'2023.08.14T10:33:28.886 s
'2023.08.14T10:33:29.886 s
'2023.08.14T10:33:30.886 s
'2023.08.14T10:33:31.886 s
'2023.08.14T10:33:32.886 s
'2023.08.14T10:33:33.886 s
'2023.08.14T10:33:34.886 s
'2023.08.14T10:33:35.886 s
'2023.08.14T10:33:36.886 s
'2023.08.14T10:33:37.886 s
'2023.08.14T10:33:38.886 s
'2023.08.14T10:33:39.886 s
'2023.08.14T10:33:40.886 s
'2023.08.14T10:33:41.886 s
'2023.08.14T10:33:42.886 s
'2023.08.14T10:33:43.886 s
'2023.08.14T10:33:44.886 s
'2023.08.14T10:33:45.886 s
'2023.08.14T10:33:46.886 s
'2023.08.14T10:33:47.886 s
'2023.08.14T10:33:48.886 s
'2023.08.14T10:33:49.886 s
'2023.08.14T10:33:50.886 s
'2023.08.14T10:33:51.886 s
'2023.08.14T10:33:52.886 s
'2023.08.14T10:33:53.886 s
'2023.08.14T10:33:54.886 s
'2023.08.14T10:33:55.886 s
'2023.08.14T10:33:56.886 s
'2023.08.14T10:33:57.886 s
'2023.08.14T10:33:58.886 s
'2023.08.14T10:33:59.886 s
'2023.08.14T10:34:00.886 s
'2023.08.14T10:40:44.915 s
'2023.08.14T10:40:45.915 s
'2023.08.14T10:40:46.915 s
'2023.08.14T10:40:47.915 s
'2023.08.14T10:40:48.915 s
'2023.08.14T10:40:49.915 s
'2023.08.14T10:40:50.915 s
'2023.08.14T10:40:51.915 s
'2023.08.14T10:40:52.915 s
'2023.08.14T10:40:53.915 s
'2023.08.14T10:40:54.915 s
'2023.08.14T10:40:55.915 s
'2023.08.14T10:40:56.915 s
'2023.08.14T10:40:57.915 s
'2023.08.14T10:40:58.915 s
'2023.08.14T10:40:59.915 s
'2023.08.14T10:41:00.915 s
'2023.08.14T10:41:01.915 s
'2023.08.14T10:41:02.915 s
'2023.08.14T10:41:03.915 s
'2023.08.14T10:41:04.915 s
'2023.08.14T10:41:05.915 s
'2023.08.14T10:41:06.915 s
'2023.08.14T10:41:07.915 s
'2023.08.14T10:41:08.915 s
'2023.08.14T10:41:09.915 s
'2023.08.14T10:41:10.915 s
'2023.08.14T10:41:11.915 s
'2023.08.14T10:41:12.915 s
'2023.08.14T10:41:13.915 s
'2023.08.14T10:41:14.915 s
'2023.08.14T10:41:15.915 s
'2023.08.14T10:41:16.915 s
'2023.08.14T10:41:17.915 s
'2023.08.14T10:41:18.915 s
'2023.08.14T10:41:19.915 s
'2023.08.14T10:41:20.915 s
'2023.08.14T10:41:21.915 s
'2023.08.14T10:41:22.915 s
'2023.08.14T10:41:23.915 s
'2023.08.14T10:41:24.915 s
'2023.08.14T10:41:25.915 s
'2023.08.14T10:41:26.915 s
'2023.08.14T10:41:27.915 s
'2023.08.14T10:41:28.915 s
'2023.08.14T10:41:29.915 s
'2023.08.14T10:41:30.915 s
'2023.08.14T10:41:31.915 s
'2023.08.14T10:41:32.915 s
'2023.08.14T10:41:33.915 s
'2023.08.14T10:41:34.915 s
'2023.08.14T10:41:35.915 s
'2023.08.14T10:41:36.915 s
'2023.08.14T10:41:37.915 s
'2023.08.14T10:41:38.915 s
'2023.08.14T10:41:39.915 s
'2023.08.14T10:41:40.915 s
'2023.08.14T10:41:41.915 s
'2023.08.14T10:41:42.915 s
'2023.08.14T10:41:43.915 s
'2023.08.14T10:41:44.915 s
'2023.08.14T10:41:45.915 s
'2023.08.14T10:41:46.915 s
'2023.08.14T10:41:47.915 s
'2023.08.14T10:41:48.915 s
'2023.08.14T10:41:49.915 s
'2023.08.14T10:41:50.915 s
'2023.08.14T10:41:51.915 s
'2023.08.14T10:41:52.915 s
'2023.08.14T10:41:53.915 s
'2023.08.14T10:41:54.915 s
'2023.08.14T10:41:55.915 s
'2023.08.14T10:41:56.915 s
'2023.08.14T10:41:57.915 s
'2023.08.14T10:41:58.915 s
'2023.08.14T10:41:59.915 s
'2023.08.14T10:42:00.915 s
'2023.08.14T10:42:01.915 s
'2023.08.14T10:42:02.915 s
'2023.08.14T10:42:03.915 s
'2023.08.14T10:42:04.915 s
'2023.08.14T10:42:05.915 s
'2023.08.14T10:42:06.915 s
'2023.08.14T10:42:07.915 s
'2023.08.14T10:42:08.915 s
'2023.08.14T10:42:09.915 s
'2023.08.14T10:42:10.915 s
'2023.08.14T10:42:11.915 s
'2023.08.14T10:42:12.915 s
'2023.08.14T10:42:13.915 s
'2023.08.14T10:42:14.915 s
'2023.08.14T10:42:15.915 s
'2023.08.14T10:42:16.915 s
'2023.08.14T10:42:17.915 s
'2023.08.14T10:42:18.915 s
'2023.08.14T10:42:19.915 s
'2023.08.14T10:42:20.915 s
'2023.08.14T10:42:21.915 s
'2023.08.14T10:42:22.915 s
'2023.08.14T10:42:23.915 s
'2023.08.14T10:42:24.915 s
'2023.08.14T10:42:25.915 s
'2023.08.14T10:42:26.915 s
'2023.08.14T10:42:27.915 s
'2023.08.14T10:42:28.915 s
'2023.08.14T10:42:29.915 s
'2023.08.14T10:42:30.915 s
'2023.08.14T10:42:31.915 s
'2023.08.14T10:42:32.915 s
'2023.08.14T10:42:33.915 s
'2023.08.14T10:42:34.915 s
'2023.08.14T10:42:35.915 s
'2023.08.14T10:42:36.915 s
'2023.08.14T10:42:37.915 s
'2023.08.14T10:42:38.915 s
'2023.08.14T10:42:39.915 s
'2023.08.14T10:42:40.915 s
'2023.08.14T10:42:41.915 s
'2023.08.14T10:42:42.915 s
'2023.08.14T10:42:43.915 s
'2023.08.14T10:42:44.915 s
'2023.08.14T10:42:45.915 s
'2023.08.14T10:42:46.915 s
'2023.08.14T10:42:47.915 s
'2023.08.14T10:42:48.915 s
'2023.08.14T10:42:49.915 s
'2023.08.14T10:42:50.915 s
'2023.08.14T10:42:51.915 s
'2023.08.14T10:42:52.915 s
'2023.08.14T10:42:53.915 s
'2023.08.14T10:42:54.915 s
'2023.08.14T10:42:55.915 s
'2023.08.14T10:42:56.915 s
'2023.08.14T10:42:57.915 s
'2023.08.14T10:42:58.915 s
'2023.08.14T10:42:59.915 s
'2023.08.14T10:43:00.915 s
'2023.08.14T10:43:01.915 s
'2023.08.14T10:43:02.915 s
'2023.08.14T10:43:03.915 s
'2023.08.14T10:43:04.915 s
'2023.08.14T10:43:05.915 s
'2023.08.14T10:43:06.915 s
'2023.08.14T10:43:07.915 s
'2023.08.14T10:43:08.915 s
'2023.08.14T10:43:09.915 s
'2023.08.14T10:43:10.915 s
'2023.08.14T10:43:11.915 s
'2023.08.14T10:43:12.915 s
'2023.08.14T10:43:13.915 s
'2023.08.14T10:43:14.915 s
'2023.08.14T10:43:15.915 s
'2023.08.14T10:43:16.915 s
'2023.08.14T10:43:17.915 s
'2023.08.14T10:43:18.915 s
'2023.08.14T10:43:19.915 s
'2023.08.14T10:43:20.915 s
'2023.08.14T10:43:21.915 s
'2023.08.14T10:43:22.915 s
'2023.08.14T10:43:23.915 s
'2023.08.14T10:43:24.915 s
'2023.08.14T10:43:25.915 s
'2023.08.14T10:43:26.915 s
'2023.08.14T10:43:27.915 s
'2023.08.14T10:43:28.915 s
'2023.08.14T10:43:29.915 s
'2023.08.14T10:43:30.915 s
'2023.08.14T10:43:31.915 s
'2023.08.14T10:43:32.915 s
'2023.08.14T10:43:33.915 s
'2023.08.14T10:43:34.915 s
'2023.08.14T10:43:35.915 s
'2023.08.14T10:43:36.915 s
'2023.08.14T10:43:37.915 s
'2023.08.14T10:43:38.915 s
'2023.08.14T10:43:39.915 s
'2023.08.14T10:43:40.915 s
'2023.08.14T10:43:41.915 s
'2023.08.14T10:43:42.915 s
'2023.08.14T10:43:43.915 s
'2023.08.14T10:43:44.915 s
'2023.08.14T10:43:45.915 s
'2023.08.14T10:43:46.915 s
'2023.08.14T10:43:47.915 s
'2023.08.14T10:43:48.915 s
'2023.08.14T10:43:49.915 s
'2023.08.14T10:43:50.915 s
'2023.08.14T10:43:51.915 s
'2023.08.14T10:43:52.915 s
'2023.08.14T10:43:53.915 s
'2023.08.14T10:43:54.915 s
'2023.08.14T10:43:55.915 s
'2023.08.14T10:43:56.915 s
'2023.08.14T10:43:57.915 s
'2023.08.14T10:43:58.915 s
'2023.08.14T10:43:59.915 s
'2023.08.14T10:44:00.915 s
'2023.08.14T10:44:01.915 s
'2023.08.14T10:44:02.915 s
'2023.08.14T10:44:03.915 s
'2023.08.14T10:44:04.915 s
'2023.08.14T10:44:05.915 s
'2023.08.14T10:44:06.915 s
'2023.08.14T10:44:07.915 s
'2023.08.14T10:44:08.915 s
'2023.08.14T10:44:09.915 s
'2023.08.14T10:44:10.915 s
'2023.08.14T10:44:11.915 s
'2023.08.14T10:44:12.915 s
'2023.08.14T10:44:13.915 s
'2023.08.14T10:44:14.915 s
'2023.08.14T10:44:15.915 s
'2023.08.14T10:44:16.915 s
'2023.08.14T10:44:17.915 s
'2023.08.14T10:44:18.915 s
'2023.08.14T10:44:19.915 s
'2023.08.14T10:44:20.915 s
'2023.08.14T10:44:21.915 s
'2023.08.14T10:44:22.915 s
'2023.08.14T10:44:23.915 s
'2023.08.14T10:44:24.915 s
'2023.08.14T10:44:25.915 s
'2023.08.14T10:44:26.915 s
'2023.08.14T10:44:27.915 s
'2023.08.14T10:44:28.915 s
'2023.08.14T10:44:29.915 s
'2023.08.14T10:44:30.915 s
'2023.08.14T10:44:31.914 s
'2023.08.14T10:44:32.915 s
'2023.08.14T10:44:33.915 s
'2023.08.14T10:44:34.915 s
'2023.08.14T10:44:35.915 s
'2023.08.14T10:44:36.915 s
'2023.08.14T11:10:27.684 s
'2023.08.14T11:10:28.684 s
'2023.08.14T11:10:29.684 s
'2023.08.14T11:10:30.684 s
'2023.08.14T11:10:31.684 s
'2023.08.14T11:10:32.684 s
'2023.08.14T11:10:33.684 s
'2023.08.14T11:10:34.684 s
'2023.08.14T11:10:35.684 s
'2023.08.14T11:10:36.684 s
'2023.08.14T11:10:37.684 s
'2023.08.14T11:10:38.684 s
'2023.08.14T11:10:39.684 s
'2023.08.14T11:10:40.684 s
'2023.08.14T11:10:41.684 s
'2023.08.14T11:10:42.684 s
'2023.08.14T11:10:43.684 s
'2023.08.14T11:10:44.684 s
'2023.08.14T11:10:45.684 s
'2023.08.14T11:10:46.684 s
'2023.08.14T11:10:47.684 s
'2023.08.14T11:10:48.684 s
'2023.08.14T11:10:49.684 s
'2023.08.14T11:10:50.684 s
'2023.08.14T11:10:51.684 s
'2023.08.14T11:10:52.684 s
'2023.08.14T11:10:53.684 s
'2023.08.14T11:10:54.684 s
'2023.08.14T11:10:55.684 s
'2023.08.14T13:07:42.067 s
'2023.08.14T13:07:43.067 s
'2023.08.14T13:07:44.067 s
'2023.08.14T13:07:45.067 s
'2023.08.14T13:07:46.067 s
'2023.08.14T13:07:47.067 s
'2023.08.14T13:07:48.067 s
'2023.08.14T13:07:49.067 s
'2023.08.14T13:07:50.067 s
'2023.08.14T13:07:51.067 s
'2023.08.14T13:07:52.067 s
'2023.08.14T13:07:53.067 s
'2023.08.14T13:07:54.067 s
'2023.08.14T13:07:55.067 s
'2023.08.14T13:07:56.067 s
'2023.08.14T13:07:57.067 s
'2023.08.14T13:07:58.067 s
'2023.08.14T13:07:59.067 s
'2023.08.14T13:08:00.067 s
'2023.08.14T13:08:01.067 s
'2023.08.14T13:08:02.067 s
'2023.08.14T13:08:03.067 s
'2023.08.14T13:08:04.067 s
'2023.08.14T13:08:05.067 s
'2023.08.14T13:08:06.067 s
'2023.08.14T13:08:07.067 s
'2023.08.14T13:08:08.067 s
'2023.08.14T13:08:09.067 s
'2023.08.14T13:08:10.067 s
'2023.08.14T13:08:11.067 s
'2023.08.14T13:08:12.067 s
'2023.08.14T13:08:13.067 s
'2023.08.14T13:08:14.067 s
'2023.08.14T13:08:15.067 s
'2023.08.14T13:08:16.067 s
'2023.08.14T13:08:17.067 s
'2023.08.14T13:08:18.067 s
'2023.08.14T13:08:19.067 s
'2023.08.14T13:08:20.067 s
'2023.08.14T13:08:21.067 s
'2023.08.14T13:08:22.067 s
'2023.08.14T13:08:23.067 s
'2023.08.14T13:08:24.067 s
'2023.08.14T13:08:25.067 s
'2023.08.14T13:08:26.067 s
'2023.08.14T13:08:27.067 s
'2023.08.14T13:08:28.067 s
'2023.08.14T13:08:29.067 s
'2023.08.14T13:08:30.067 s
'2023.08.14T13:08:31.067 s
'2023.08.14T13:08:32.067 s
'2023.08.14T13:08:33.067 s
'2023.08.14T13:08:34.067 s
'2023.08.14T13:08:35.067 s
'2023.08.14T13:08:36.067 s
'2023.08.14T13:08:37.067 s
'2023.08.14T13:08:38.067 s
'2023.08.14T13:08:39.067 s
'2023.08.14T13:08:40.067 s
'2023.08.14T13:08:41.067 s
'2023.08.14T13:08:42.067 s
'2023.08.14T13:08:43.067 s
'2023.08.14T13:08:44.067 s
'2023.08.14T13:08:45.067 s
'2023.08.14T13:08:46.067 s
'2023.08.14T13:08:47.067 s
'2023.08.14T13:08:48.067 s
'2023.08.14T13:08:49.067 s
'2023.08.14T13:08:50.067 s
'2023.08.14T14:08:10.884 type
  [2]  /home/pduffy1_kx_com/AdvancedKDB/tick/feed.q:4: px:syms!45.15 191.10 178.50 128.04 341.30; 	/starting prices
                                                              ^
'2023.08.14T15:53:02.443 h
'2023.08.14T15:53:03.444 h
'2023.08.14T15:53:04.444 h
'2023.08.14T15:53:05.444 h
'2023.08.14T15:53:06.444 h
'2023.08.14T15:53:07.444 h
'2023.08.14T15:53:08.444 h
'2023.08.14T15:53:09.444 h
'2023.08.14T15:53:10.444 h
'2023.08.14T15:53:11.444 h
'2023.08.14T15:53:12.444 h
'2023.08.14T15:53:13.444 h
'2023.08.14T15:53:14.444 h
'2023.08.14T15:53:15.444 h
'2023.08.14T15:53:16.444 h
'2023.08.14T15:53:17.444 h
'2023.08.14T15:53:18.444 h
'2023.08.14T15:53:19.444 h
'2023.08.14T15:53:20.444 h
'2023.08.14T15:53:21.444 h
'2023.08.14T15:53:22.444 h
'2023.08.14T15:53:23.444 h
'2023.08.14T15:53:24.444 h
'2023.08.14T15:53:25.444 h
'2023.08.14T15:53:26.444 h
'2023.08.14T15:53:27.444 h
'2023.08.14T15:53:28.444 h
'2023.08.14T15:53:29.444 h
'2023.08.14T15:53:30.444 h
'2023.08.14T15:53:31.444 h
'2023.08.14T15:53:32.444 h
'2023.08.14T15:53:33.444 h
'2023.08.14T15:53:34.444 h
'2023.08.14T15:53:35.444 h
'2023.08.14T15:53:36.444 h
'2023.08.14T15:53:37.444 h
'2023.08.14T15:53:38.444 h
'2023.08.14T15:53:39.444 h
'2023.08.14T15:53:40.444 h
'2023.08.14T15:53:41.444 h
'2023.08.14T15:53:42.444 h
'2023.08.14T15:53:43.444 h
'2023.08.14T15:53:44.444 h
'2023.08.14T15:53:45.444 h
'2023.08.14T15:53:46.444 h
'2023.08.14T15:53:47.444 h
'2023.08.14T15:53:48.444 h
'2023.08.14T15:53:49.444 h
'2023.08.14T15:53:50.444 h
'2023.08.14T15:53:51.444 h
'2023.08.14T15:53:52.444 h
'2023.08.14T15:53:53.444 h
'2023.08.14T15:53:54.444 h
'2023.08.14T15:53:55.444 h
'2023.08.14T15:53:56.444 h
'2023.08.14T15:53:57.444 h
'2023.08.14T15:53:58.444 h
'2023.08.14T15:53:59.444 h
'2023.08.14T15:54:00.444 h
'2023.08.14T15:54:01.444 h
'2023.08.14T15:54:02.444 h
'2023.08.14T15:54:03.444 h
'2023.08.14T15:54:04.444 h
'2023.08.14T15:54:05.444 h
'2023.08.14T15:54:06.444 h
'2023.08.14T15:54:07.444 h
'2023.08.14T15:54:08.444 h
'2023.08.14T15:54:09.444 h
'2023.08.14T15:54:10.444 h
'2023.08.14T15:54:11.444 h
'2023.08.14T15:54:12.444 h
'2023.08.14T15:54:13.444 h
'2023.08.14T15:54:14.444 h
'2023.08.14T15:54:15.444 h
'2023.08.14T15:54:16.444 h
'2023.08.14T15:54:17.444 h
'2023.08.14T15:54:18.444 h
'2023.08.14T15:54:19.444 h
'2023.08.14T15:54:20.444 h
'2023.08.14T15:54:21.444 h
'2023.08.14T15:54:22.444 h
'2023.08.14T15:54:23.444 h
'2023.08.14T15:54:24.444 h
'2023.08.14T15:54:25.444 h
'2023.08.14T15:54:26.444 h
'2023.08.14T15:54:27.444 h
'2023.08.14T15:54:28.444 h
'2023.08.14T15:54:29.444 h
'2023.08.14T15:54:30.444 h
'2023.08.14T15:54:31.444 h
'2023.08.14T15:54:32.444 h
'2023.08.14T15:54:33.444 h
'2023.08.14T15:54:34.444 h
'2023.08.14T15:54:35.444 h
'2023.08.14T15:54:36.444 h
'2023.08.14T15:54:37.444 h
'2023.08.14T15:54:38.444 h
'2023.08.14T15:54:39.444 h
'2023.08.14T15:54:40.444 h
'2023.08.14T15:54:41.444 h
'2023.08.14T15:54:42.444 h
'2023.08.14T15:54:43.444 h
'2023.08.14T15:54:44.444 h
'2023.08.14T15:54:45.444 h
'2023.08.14T15:54:46.444 h
'2023.08.14T15:54:47.444 h
'2023.08.14T15:54:48.444 h
'2023.08.14T15:54:49.444 h
'2023.08.14T15:54:50.444 h
'2023.08.14T15:54:51.444 h
'2023.08.14T15:54:52.445 h
'2023.08.14T15:54:53.444 h
'2023.08.14T15:54:54.444 h
'2023.08.14T15:54:55.444 h
'2023.08.14T15:54:56.444 h
'2023.08.14T15:54:57.444 h
'2023.08.14T15:54:58.444 h
'2023.08.14T15:54:59.444 h
'2023.08.14T15:55:00.444 h
'2023.08.14T15:55:01.444 h
'2023.08.14T15:55:02.444 h
'2023.08.14T15:55:03.444 h
'2023.08.14T15:55:04.444 h
'2023.08.14T15:55:05.444 h
'2023.08.14T15:55:06.444 h
'2023.08.14T15:55:07.444 h
'2023.08.14T15:55:08.444 h
'2023.08.14T15:55:09.444 h
'2023.08.14T15:55:10.444 h
'2023.08.14T15:55:11.444 h
'2023.08.14T15:55:12.444 h
'2023.08.14T15:55:13.444 h
'2023.08.14T15:55:14.444 h
'2023.08.14T15:55:15.444 h
'2023.08.14T15:55:16.444 h
'2023.08.14T15:55:17.444 h
'2023.08.14T15:55:18.444 h
'2023.08.14T15:55:19.444 h
'2023.08.14T15:55:20.444 h
'2023.08.14T15:55:21.444 h
'2023.08.14T15:55:22.444 h
'2023.08.14T15:55:23.444 h
'2023.08.14T15:55:24.444 h
'2023.08.14T15:55:25.444 h
'2023.08.14T15:55:26.444 h
'2023.08.14T15:55:27.444 h
'2023.08.14T15:55:28.444 h
'2023.08.14T15:55:29.444 h
'2023.08.14T15:55:30.444 h
'2023.08.14T15:55:31.444 h
'2023.08.14T15:55:32.444 h
'2023.08.14T15:55:33.444 h
'2023.08.14T15:55:34.444 h
'2023.08.14T15:55:35.444 h
'2023.08.14T15:55:36.444 h
'2023.08.14T15:55:37.444 h
'2023.08.14T15:55:38.444 h
'2023.08.14T15:55:39.444 h
'2023.08.14T15:55:40.444 h
'2023.08.14T15:55:41.444 h
'2023.08.14T15:55:42.444 h
'2023.08.14T15:55:43.444 h
'2023.08.14T15:55:44.444 h
'2023.08.14T15:55:45.444 h
'2023.08.14T15:55:46.444 h
'2023.08.14T15:55:47.444 h
'2023.08.14T15:55:48.444 h
'2023.08.14T15:55:49.444 h
'2023.08.14T15:55:50.444 h
'2023.08.14T15:55:51.444 h
'2023.08.14T15:55:52.444 h
'2023.08.14T15:55:53.444 h
'2023.08.14T15:55:54.444 h
'2023.08.14T15:55:55.444 h
'2023.08.14T15:55:56.444 h
'2023.08.14T15:55:57.444 h
'2023.08.14T15:56:05.600 h
'2023.08.14T15:56:06.601 h
'2023.08.14T15:56:07.600 h
'2023.08.14T15:56:08.601 h
'2023.08.14T15:56:09.601 h
'2023.08.14T15:56:10.601 h
'2023.08.14T15:56:11.601 h
'2023.08.14T15:56:12.601 h
'2023.08.14T15:56:13.601 h
'2023.08.14T15:56:14.601 h
'2023.08.14T15:56:15.601 h
'2023.08.14T15:56:16.601 h
'2023.08.14T15:56:17.600 h
'2023.08.14T15:56:18.601 h
'2023.08.14T15:56:19.601 h
'2023.08.14T15:56:20.601 h
'2023.08.14T15:56:21.601 h
'2023.08.14T15:56:22.601 h
'2023.08.14T15:56:23.601 h
'2023.08.14T15:56:24.601 h
'2023.08.14T15:56:25.601 h
'2023.08.14T15:56:26.601 h
'2023.08.14T15:56:27.601 h
'2023.08.14T15:56:28.601 h
'2023.08.14T15:56:29.601 h
'2023.08.14T15:56:30.601 h
'2023.08.14T15:56:31.601 h
'2023.08.14T15:56:32.601 h
'2023.08.14T15:56:33.601 h
'2023.08.14T15:56:34.601 h
'2023.08.14T15:56:35.601 h
'2023.08.14T15:56:36.601 h
'2023.08.14T15:56:37.601 h
'2023.08.14T15:56:38.601 h
'2023.08.14T15:56:39.601 h
'2023.08.14T15:56:40.601 h
'2023.08.14T15:56:41.601 h
'2023.08.14T15:56:42.601 h
'2023.08.14T15:56:43.601 h
'2023.08.14T15:56:44.601 h
'2023.08.14T15:56:45.601 h
'2023.08.14T15:56:46.601 h
'2023.08.14T15:56:47.601 h
'2023.08.14T15:56:48.601 h
'2023.08.14T15:56:49.601 h
'2023.08.14T15:56:50.601 h
'2023.08.14T15:56:51.601 h
'2023.08.14T15:56:52.601 h
'2023.08.14T15:56:53.601 h
'2023.08.14T15:56:54.601 h
'2023.08.14T15:56:55.601 h
'2023.08.14T15:56:56.601 h
'2023.08.14T15:56:57.601 h
'2023.08.14T15:56:58.601 h
'2023.08.14T15:56:59.601 h
'2023.08.14T15:57:00.601 h
'2023.08.14T15:57:01.601 h
'2023.08.14T15:57:02.601 h
'2023.08.14T15:57:03.601 h
'2023.08.14T15:57:04.601 h
'2023.08.14T15:57:05.601 h
'2023.08.14T15:57:06.601 h
'2023.08.14T15:57:07.601 h
'2023.08.14T15:57:08.601 h
'2023.08.14T15:57:09.601 h
'2023.08.14T15:57:10.601 h
'2023.08.14T15:57:11.601 h
'2023.08.14T15:57:12.601 h
'2023.08.14T15:57:13.601 h
'2023.08.14T15:57:14.601 h
'2023.08.14T15:57:15.601 h
'2023.08.14T15:57:16.601 h
'2023.08.14T15:57:17.601 h
'2023.08.14T15:57:18.601 h
'2023.08.14T15:57:19.601 h
'2023.08.14T15:57:20.601 h
'2023.08.14T15:57:21.601 h
'2023.08.14T15:57:22.601 h
'2023.08.14T15:57:23.601 h
'2023.08.14T15:57:24.601 h
'2023.08.14T15:57:25.600 h
'2023.08.14T15:57:26.601 h
'2023.08.14T15:57:27.601 h
'2023.08.14T15:57:28.601 h
'2023.08.14T15:57:29.601 h
'2023.08.14T15:57:30.601 h
'2023.08.14T15:57:31.601 h
'2023.08.14T15:57:32.601 h
'2023.08.14T15:57:33.601 h
'2023.08.14T15:57:34.601 h
'2023.08.14T15:57:35.601 h
'2023.08.14T15:57:36.601 h
'2023.08.14T15:57:37.601 h
'2023.08.14T15:57:38.601 h
'2023.08.14T15:57:39.601 h
'2023.08.14T15:57:40.601 h
'2023.08.14T15:57:41.601 h
'2023.08.14T15:57:42.601 h
'2023.08.14T15:57:43.601 h
'2023.08.14T15:57:44.601 h
'2023.08.14T15:57:45.601 h
'2023.08.14T15:57:46.601 h
'2023.08.14T15:57:47.601 h
'2023.08.14T15:57:48.601 h
'2023.08.14T15:57:49.601 h
'2023.08.14T15:57:50.601 h
'2023.08.14T15:57:51.601 h
'2023.08.14T15:57:52.601 h
'2023.08.14T15:57:53.601 h
'2023.08.14T15:57:54.601 h
'2023.08.14T15:57:55.601 h
'2023.08.14T15:57:56.601 h
'2023.08.14T15:57:57.601 h
'2023.08.14T15:57:58.159 5013. OS reports: Address already in use
'2023.08.14T15:57:58.601 h
'2023.08.14T15:57:59.601 h
'2023.08.14T15:58:00.600 h
'2023.08.14T15:58:01.601 h
'2023.08.14T15:58:02.601 h
'2023.08.14T15:58:03.601 h
'2023.08.14T15:58:04.601 h
'2023.08.14T15:58:05.601 h
'2023.08.14T15:58:06.601 h
'2023.08.14T15:58:07.601 h
'2023.08.14T15:58:08.601 h
'2023.08.14T15:58:09.601 h
'2023.08.14T15:58:10.601 h
'2023.08.14T15:58:11.601 h
'2023.08.14T15:58:12.601 h
'2023.08.14T15:58:13.601 h
'2023.08.14T15:58:14.601 h
'2023.08.14T15:58:15.601 h
'2023.08.14T15:58:16.601 h
'2023.08.14T15:58:17.601 h
'2023.08.14T15:58:18.601 h
'2023.08.14T15:58:19.601 h
'2023.08.14T15:58:20.601 h
'2023.08.14T15:58:21.601 h
'2023.08.14T15:58:22.601 h
'2023.08.14T15:58:23.601 h
'2023.08.14T15:58:24.601 h
'2023.08.14T15:58:25.601 h
'2023.08.14T15:58:26.601 h
'2023.08.14T15:58:27.601 h
'2023.08.14T15:58:28.601 h
'2023.08.14T15:58:29.601 h
'2023.08.14T15:58:30.601 h
'2023.08.14T15:58:31.601 h
'2023.08.14T15:58:32.601 h
'2023.08.14T15:58:33.601 h
'2023.08.14T15:58:34.601 h
'2023.08.14T15:58:35.601 h
'2023.08.14T15:58:36.601 h
'2023.08.14T15:58:37.601 h
'2023.08.14T15:58:38.601 h
'2023.08.14T15:58:39.601 h
'2023.08.14T15:58:40.601 h
'2023.08.14T15:58:41.601 h
'2023.08.14T15:58:42.601 h
'2023.08.14T15:58:43.601 h
'2023.08.14T15:58:44.601 h
'2023.08.14T15:58:45.601 h
'2023.08.14T15:58:46.601 h
'2023.08.14T15:58:47.601 h
'2023.08.14T15:58:48.601 h
'2023.08.14T15:58:49.601 h
'2023.08.14T15:58:50.601 h
'2023.08.14T15:58:51.601 h
'2023.08.14T15:58:52.601 h
'2023.08.14T15:58:53.601 h
'2023.08.14T15:58:54.601 h
'2023.08.14T15:58:55.601 h
'2023.08.14T15:58:56.601 h
'2023.08.14T15:58:57.601 h
'2023.08.14T15:58:58.601 h
'2023.08.14T15:58:59.600 h
'2023.08.14T15:59:00.600 h
'2023.08.14T15:59:01.601 h
'2023.08.14T15:59:02.601 h
'2023.08.14T15:59:03.601 h
'2023.08.14T15:59:04.601 h
'2023.08.14T15:59:05.601 h
'2023.08.14T15:59:06.601 h
'2023.08.14T15:59:07.601 h
'2023.08.14T15:59:08.601 h
'2023.08.14T15:59:09.601 h
'2023.08.14T15:59:10.601 h
'2023.08.14T15:59:11.601 h
'2023.08.14T15:59:12.601 h
'2023.08.14T15:59:13.601 h
'2023.08.14T15:59:14.601 h
'2023.08.14T15:59:15.601 h
'2023.08.14T15:59:16.601 h
'2023.08.14T15:59:17.601 h
'2023.08.14T15:59:18.601 h
'2023.08.14T15:59:19.601 h
'2023.08.14T15:59:20.601 h
'2023.08.14T15:59:21.601 h
'2023.08.14T15:59:22.601 h
'2023.08.14T15:59:23.601 h
'2023.08.14T15:59:24.601 h
'2023.08.14T15:59:25.601 h
'2023.08.14T15:59:26.601 h
'2023.08.14T15:59:27.601 h
'2023.08.14T15:59:28.601 h
'2023.08.14T15:59:29.601 h
'2023.08.14T15:59:30.601 h
'2023.08.14T15:59:31.600 h
'2023.08.14T15:59:32.601 h
'2023.08.14T15:59:33.601 h
'2023.08.14T15:59:34.601 h
'2023.08.14T15:59:35.601 h
'2023.08.14T15:59:36.600 h
'2023.08.14T15:59:37.601 h
'2023.08.14T15:59:38.601 h
'2023.08.14T15:59:39.601 h
'2023.08.14T15:59:40.601 h
'2023.08.14T15:59:41.600 h
'2023.08.14T15:59:42.601 h
'2023.08.14T15:59:43.601 h
'2023.08.14T15:59:44.601 h
'2023.08.14T15:59:45.601 h
'2023.08.14T15:59:46.600 h
'2023.08.14T15:59:47.601 h
'2023.08.14T15:59:48.601 h
'2023.08.14T15:59:49.601 h
'2023.08.14T15:59:50.601 h
'2023.08.14T15:59:51.600 h
'2023.08.14T15:59:52.601 h
'2023.08.14T15:59:53.601 h
'2023.08.14T15:59:54.601 h
'2023.08.14T15:59:55.601 h
'2023.08.14T15:59:56.601 h
'2023.08.14T15:59:57.601 h
'2023.08.14T15:59:58.601 h
'2023.08.14T15:59:59.601 h
'2023.08.14T16:00:00.601 h
'2023.08.14T16:00:01.601 h
'2023.08.14T16:00:02.601 h
'2023.08.14T16:00:03.601 h
'2023.08.14T16:00:04.601 h
'2023.08.14T16:00:05.601 h
'2023.08.14T16:00:06.601 h
'2023.08.14T16:00:07.601 h
'2023.08.14T16:00:08.601 h
'2023.08.14T16:00:09.601 h
'2023.08.14T16:00:10.601 h
'2023.08.14T16:00:11.601 h
'2023.08.14T16:00:12.601 h
'2023.08.14T16:00:13.601 h
'2023.08.14T16:00:14.601 h
'2023.08.14T16:00:15.601 h
'2023.08.14T16:00:16.601 h
'2023.08.14T16:00:17.601 h
'2023.08.14T16:00:18.601 h
'2023.08.14T16:00:19.600 h
'2023.08.14T16:00:20.601 h
'2023.08.14T16:00:21.601 h
'2023.08.14T16:00:22.601 h
'2023.08.14T16:00:23.600 h
'2023.08.14T16:00:27.844 h
'2023.08.14T16:00:28.845 h
'2023.08.14T16:00:29.845 h
'2023.08.14T16:00:30.845 h
'2023.08.14T16:00:31.844 h
'2023.08.14T16:00:32.845 h
'2023.08.14T16:00:33.845 h
'2023.08.14T16:00:34.845 h
'2023.08.14T16:00:35.845 h
'2023.08.14T16:00:36.845 h
'2023.08.14T16:00:37.845 h
'2023.08.14T16:00:38.845 h
'2023.08.14T16:00:39.845 h
'2023.08.14T16:00:40.845 h
'2023.08.14T16:00:41.845 h
'2023.08.14T16:00:42.845 h
'2023.08.14T16:00:43.845 h
'2023.08.14T16:00:44.845 h
'2023.08.14T16:00:45.844 h
'2023.08.14T16:00:46.845 h
'2023.08.14T16:00:47.845 h
'2023.08.14T16:00:48.845 h
'2023.08.14T16:00:49.845 h
'2023.08.14T16:00:50.845 h
'2023.08.14T16:00:51.845 h
'2023.08.14T16:00:52.845 h
'2023.08.14T16:00:53.845 h
'2023.08.14T16:00:54.845 h
'2023.08.14T16:00:55.845 h
'2023.08.14T16:00:56.845 h
'2023.08.14T16:00:57.845 h
'2023.08.14T16:00:58.845 h
'2023.08.14T16:00:59.845 h
'2023.08.14T16:01:00.845 h
'2023.08.14T16:01:01.845 h
'2023.08.14T16:01:02.845 h
'2023.08.14T16:01:03.845 h
'2023.08.14T16:01:04.845 h
'2023.08.14T16:01:05.845 h
'2023.08.14T16:01:06.845 h
'2023.08.14T16:01:07.845 h
'2023.08.14T16:01:08.845 h
'2023.08.14T16:01:09.845 h
'2023.08.14T16:01:10.845 h
'2023.08.14T16:01:11.845 h
'2023.08.14T16:01:12.845 h
'2023.08.14T16:01:13.845 h
'2023.08.14T16:01:14.845 h
'2023.08.14T16:01:15.845 h
'2023.08.14T16:01:16.845 h
'2023.08.14T16:01:17.845 h
'2023.08.14T16:01:18.845 h
'2023.08.14T16:01:19.845 h
'2023.08.14T16:01:20.845 h
'2023.08.14T16:01:21.845 h
'2023.08.14T16:01:22.844 h
'2023.08.14T16:01:23.845 h
'2023.08.14T16:01:24.845 h
'2023.08.14T16:01:25.845 h
'2023.08.14T16:01:26.845 h
'2023.08.14T16:01:27.845 h
'2023.08.14T16:01:28.845 h
'2023.08.14T16:01:29.845 h
'2023.08.14T16:01:30.845 h
'2023.08.14T16:01:31.845 h
'2023.08.14T16:01:32.845 h
'2023.08.14T16:01:33.845 h
'2023.08.14T16:01:34.845 h
'2023.08.14T16:01:35.845 h
'2023.08.14T16:01:36.845 h
'2023.08.14T16:01:37.845 h
'2023.08.14T16:01:38.845 h
'2023.08.14T16:01:39.845 h
'2023.08.14T16:01:40.845 h
'2023.08.14T16:01:41.845 h
'2023.08.14T16:01:42.845 h
'2023.08.14T16:01:43.845 h
'2023.08.14T16:01:44.845 h
'2023.08.14T16:01:45.845 h
'2023.08.14T16:01:46.845 h
'2023.08.14T16:01:47.845 h
'2023.08.14T16:01:48.845 h
'2023.08.14T16:01:49.845 h
'2023.08.14T16:01:50.845 h
'2023.08.14T16:01:51.845 h
'2023.08.14T16:01:52.845 h
'2023.08.14T16:01:53.845 h
'2023.08.14T16:01:54.845 h
'2023.08.14T16:01:55.844 h
'2023.08.14T16:17:12.315 h
'2023.08.14T16:17:13.317 h
'2023.08.14T16:17:14.317 h
'2023.08.14T16:17:15.317 h
'2023.08.14T16:17:16.317 h
'2023.08.14T16:17:17.317 h
'2023.08.14T16:17:18.317 h
'2023.08.14T16:17:19.317 h
'2023.08.14T16:17:20.317 h
'2023.08.14T16:17:21.317 h
'2023.08.14T16:17:22.317 h
'2023.08.14T16:17:23.317 h
'2023.08.14T16:17:24.317 h
'2023.08.14T16:17:25.316 h
'2023.08.14T16:17:26.317 h
'2023.08.14T16:17:27.317 h
'2023.08.14T16:17:28.317 h
'2023.08.14T16:17:29.317 h
'2023.08.14T16:17:30.317 h
'2023.08.14T16:17:31.317 h
'2023.08.14T16:17:32.317 h
'2023.08.14T16:17:33.317 h
'2023.08.14T16:17:34.317 h
'2023.08.14T16:17:35.316 h
'2023.08.14T16:17:36.317 h
'2023.08.14T16:17:37.317 h
'2023.08.14T16:17:38.317 h
'2023.08.14T16:17:39.317 h
'2023.08.14T16:17:40.317 h
'2023.08.14T16:17:41.317 h
'2023.08.14T16:17:42.317 h
'2023.08.14T16:17:43.317 h
'2023.08.14T16:17:44.317 h
'2023.08.14T16:17:45.317 h
'2023.08.14T16:17:46.317 h
'2023.08.14T16:17:47.317 h
'2023.08.14T16:17:48.317 h
'2023.08.14T16:17:49.317 h
'2023.08.14T16:17:50.317 h
'2023.08.14T16:17:51.317 h
'2023.08.14T16:17:52.317 h
'2023.08.14T16:17:53.316 h
'2023.08.14T16:17:54.317 h
'2023.08.14T16:17:55.317 h
'2023.08.14T16:17:56.317 h
'2023.08.14T16:17:57.317 h
'2023.08.14T16:17:58.317 h
'2023.08.14T16:19:25.811 s
'2023.08.14T16:19:26.811 s
'2023.08.14T16:19:27.811 s
'2023.08.14T16:19:28.811 s
'2023.08.14T16:19:29.811 s
'2023.08.14T16:19:30.811 s
'2023.08.14T16:19:31.811 s
'2023.08.14T16:19:32.811 s
'2023.08.14T16:19:33.811 s
'2023.08.14T16:19:34.811 s
'2023.08.14T16:19:35.811 s
'2023.08.14T16:19:36.811 s
'2023.08.14T16:19:37.811 s
'2023.08.14T16:19:38.811 s
'2023.08.14T16:19:39.811 s
'2023.08.14T16:19:40.811 s
'2023.08.14T16:19:41.811 s
'2023.08.14T16:19:42.811 s
'2023.08.14T16:19:43.811 s
'2023.08.14T16:19:44.811 s
'2023.08.14T16:19:45.811 s
'2023.08.14T16:25:34.799 type
'2023.08.15T11:07:26.357 5013. OS reports: Address already in use
'2023.08.15T11:14:13.582 type
'2023.08.15T11:17:12.329 type
'2023.08.16T13:42:00.805 type
'2023.08.16T13:45:11.577 hop. OS reports: Connection refused
  [2]  /home/pduffy1_kx_com/AdvancedKDB/tick/feed.q:1: h:neg hopen `$":localhost:5010" 	/connect to tickerplant
                                                             ^
'2023.08.16T14:43:42.391 type
'2023.08.16T14:58:34.691 hop. OS reports: Connection reset by peer
  [2]  /home/pduffy1_kx_com/AdvancedKDB/tick/feed.q:1: h:neg hopen `$":localhost:5010" 	/connect to tickerplant
                                                             ^
'2023.08.16T15:00:38.500 hop. OS reports: Connection refused
  [2]  /home/pduffy1_kx_com/AdvancedKDB/tick/feed.q:1: h:neg hopen `$":localhost:5010" 	/connect to tickerplant
                                                             ^
'2023.08.16T15:08:01.742 hop. OS reports: Connection refused
  [2]  /home/pduffy1_kx_com/AdvancedKDB/tick/feed.q:1: h:neg hopen `$":localhost:5010" 	/connect to tickerplant
                                                             ^
'2023.08.16T15:09:45.383 type
'2023.08.16T15:54:24.964 type
'2023.08.16T16:00:29.291 type
'2023.08.17T16:42:08.191 type
'2023.08.17T16:42:17.560 hop. OS reports: Connection refused
  [2]  /home/pduffy1_kx_com/AdvancedKDB/tick/feed.q:1: h:neg hopen `$":localhost:5010" 	/connect to tickerplant
                                                             ^
'2023.08.18T12:34:51.552 hop. OS reports: Connection reset by peer
  [2]  /home/pduffy1_kx_com/AdvancedKDB/tick/feed.q:1: h:neg hopen `$":localhost:5010" 	/connect to tickerplant
                                                             ^
'2023.08.18T12:36:37.492 hop. OS reports: Connection refused
  [2]  /home/pduffy1_kx_com/AdvancedKDB/tick/feed.q:1: h:neg hopen `$":localhost:5010" 	/connect to tickerplant
                                                             ^
'2023.08.18T12:50:01.361 type
'2023.08.18T12:58:39.245 type
'2023.08.18T12:58:40.246 type
'2023.08.18T13:12:51.936 type
'2023.08.18T13:25:11.358 type
'2023.08.18T13:26:44.431 hop. OS reports: Connection refused
  [2]  /home/pduffy1_kx_com/AdvancedKDB/tick/feed.q:1: h:neg hopen `$":localhost:5010" 	/connect to tickerplant
                                                             ^
'2023.08.18T14:24:34.914 hop. OS reports: Connection refused
  [2]  /home/pduffy1_kx_com/AdvancedKDB/tick/feed.q:1: h:neg hopen `$":localhost:5010" 	/connect to tickerplant
                                                             ^
'2023.08.18T14:37:32.441 hop. OS reports: Connection refused
  [2]  /home/pduffy1_kx_com/AdvancedKDB/tick/feed.q:1: h:neg hopen `$":localhost:5010" 	/connect to tickerplant
                                                             ^
'2023.08.18T14:52:03.036 type
'2023.08.22T09:46:31.970 type
'2023.08.22T09:50:54.268 hop. OS reports: Connection refused
  [2]  /home/pduffy1_kx_com/AdvancedKDB/tick/feed.q:1: h:neg hopen `$":localhost:5010" 	/connect to tickerplant
                                                             ^
'2023.08.22T09:53:05.946 hop. OS reports: Connection refused
  [2]  /home/pduffy1_kx_com/AdvancedKDB/tick/feed.q:1: h:neg hopen `$":localhost:5010" 	/connect to tickerplant
                                                             ^
'2023.08.22T09:54:24.649 hop. OS reports: Connection refused
  [2]  /home/pduffy1_kx_com/AdvancedKDB/tick/feed.q:1: h:neg hopen `$":localhost:5010" 	/connect to tickerplant
                                                             ^
'2023.08.22T09:54:58.790 hop. OS reports: Connection refused
  [2]  /home/pduffy1_kx_com/AdvancedKDB/tick/feed.q:1: h:neg hopen `$":localhost:5010" 	/connect to tickerplant
                                                             ^
'2023.08.22T09:57:50.118 type
'2023.08.22T10:04:21.384 type
'2023.08.22T10:08:39.032 type
